\BOOKMARK [0][-]{chapter*.2}{List of Figures}{}% 1
\BOOKMARK [0][-]{chapter*.3}{List of Tables}{}% 2
\BOOKMARK [0][-]{chapter.1}{INTRODUCTION}{}% 3
\BOOKMARK [0][-]{chapter*.5}{References}{}% 4
\BOOKMARK [0][-]{chapter.2}{EXPERIMENTAL TECHNIQUES}{}% 5
\BOOKMARK [1][-]{section.2.1}{Introduction}{chapter.2}% 6
\BOOKMARK [1][-]{section.2.2}{Fabrication Techniques}{chapter.2}% 7
\BOOKMARK [2][-]{subsection.2.2.1}{Electron Beam Induced Cross-linking \(EBIC\)MCPPasquale, Pasquale2013, Robinson2013, PasqualeASS, MRBCMLBLUE15643}{section.2.2}% 8
\BOOKMARK [2][-]{subsection.2.2.2}{Plasma-Enhanced Chemical Vapor Deposition \(PECVD\) Robinson2013, BinSCT, EcheverriaAPA, EcheverriaJPDAP}{section.2.2}% 9
\BOOKMARK [1][-]{section.2.3}{ X-ray Photoelectron Spectroscopy \(XPS\)}{chapter.2}% 10
\BOOKMARK [1][-]{section.2.4}{Variable angle spectroscopic ellipsometry \(VASE\)}{chapter.2}% 11
\BOOKMARK [1][-]{section.2.5}{Electrical and Transport Measurements}{chapter.2}% 12
\BOOKMARK [0][-]{chapter*.15}{References}{}% 13
\BOOKMARK [0][-]{chapter.3}{GOLD \(Au\) CONTACTS}{}% 14
\BOOKMARK [1][-]{section.3.1}{Introduction}{chapter.3}% 15
\BOOKMARK [1][-]{section.3.2}{Metal-Semiconductor Contacts: Theory}{chapter.3}% 16
\BOOKMARK [2][-]{subsection.3.2.1}{Schottky Barrier Diodes}{section.3.2}% 17
\BOOKMARK [2][-]{subsection.3.2.2}{Ohmic Contacts}{section.3.2}% 18
\BOOKMARK [1][-]{section.3.3}{Au/Boron Carbide Based Semiconductors}{chapter.3}% 19
\BOOKMARK [2][-]{subsection.3.3.1}{ortho-carborane based Samples}{section.3.3}% 20
\BOOKMARK [2][-]{subsection.3.3.2}{meta-carborane based Samples}{section.3.3}% 21
\BOOKMARK [0][-]{chapter*.38}{References}{}% 22
\BOOKMARK [0][-]{chapter.4}{PYRIDINE}{}% 23
\BOOKMARK [1][-]{section.4.1}{Introduction}{chapter.4}% 24
\BOOKMARK [1][-]{section.4.2}{Samples Composition}{chapter.4}% 25
\BOOKMARK [1][-]{section.4.3}{Spectroscopic ellipsometry}{chapter.4}% 26
\BOOKMARK [1][-]{section.4.4}{Device Heterostructures}{chapter.4}% 27
\BOOKMARK [1][-]{section.4.5}{Neutron Capture}{chapter.4}% 28
\BOOKMARK [0][-]{chapter*.50}{References}{}% 29
\BOOKMARK [0][-]{chapter.5}{MAGNETO-RESISTANCE}{}% 30
\BOOKMARK [1][-]{section.5.1}{Introduction}{chapter.5}% 31
\BOOKMARK [1][-]{section.5.2}{Photoemission Spectroscopy}{chapter.5}% 32
\BOOKMARK [1][-]{section.5.3}{Magnetoresistance Measurements}{chapter.5}% 33
\BOOKMARK [2][-]{subsection.5.3.1}{Basic Principles}{section.5.3}% 34
\BOOKMARK [2][-]{subsection.5.3.2}{Negative Magnetoresistance}{section.5.3}% 35
\BOOKMARK [0][-]{chapter*.56}{References}{}% 36
\BOOKMARK [0][-]{chapter.6}{CONCLUSIONS}{}% 37
\BOOKMARK [0][-]{chapter.7}{FUTURE DIRECTIONS}{}% 38
