\BOOKMARK [0][-]{section*.1}{Table of Contents}{}% 1
\BOOKMARK [0][-]{section*.2}{List of Figures}{}% 2
\BOOKMARK [0][-]{section*.3}{List of Tables}{}% 3
\BOOKMARK [0][-]{chapter.1}{INTRODUCTION}{}% 4
\BOOKMARK [0][-]{section*.6}{References}{}% 5
\BOOKMARK [0][-]{chapter.2}{EXPERIMENTAL TECHNIQUES}{}% 6
\BOOKMARK [1][-]{section.2.1}{Introduction}{chapter.2}% 7
\BOOKMARK [1][-]{section.2.2}{Fabrication Techniques}{chapter.2}% 8
\BOOKMARK [2][-]{subsection.2.2.1}{Electron Beam Induced Cross-linking \(EBIC\)[1-3,5,6]}{section.2.2}% 9
\BOOKMARK [2][-]{subsection.2.2.2}{Plasma-Enhanced Chemical Vapor Deposition \(PECVD\) [3,7-9]}{section.2.2}% 10
\BOOKMARK [1][-]{section.2.3}{ X-ray Photoelectron Spectroscopy \(XPS\)}{chapter.2}% 11
\BOOKMARK [1][-]{section.2.4}{Variable angle spectroscopic ellipsometry \(VASE\)}{chapter.2}% 12
\BOOKMARK [2][-]{subsubsection.2.4.0.1}{Band Gap Determination}{section.2.4}% 13
\BOOKMARK [1][-]{section.2.5}{Electrical and Transport Measurements}{chapter.2}% 14
\BOOKMARK [0][-]{section*.17}{References}{}% 15
\BOOKMARK [0][-]{chapter.3}{GOLD \(Au\) CONTACTS}{}% 16
\BOOKMARK [1][-]{section.3.1}{Introduction}{chapter.3}% 17
\BOOKMARK [1][-]{section.3.2}{Metal-Semiconductor Contacts: Theory}{chapter.3}% 18
\BOOKMARK [2][-]{subsection.3.2.1}{Schottky Barrier Diodes}{section.3.2}% 19
\BOOKMARK [2][-]{subsection.3.2.2}{Ohmic Contacts}{section.3.2}% 20
\BOOKMARK [1][-]{section.3.3}{Au/Boron Carbide Based Semiconductors}{chapter.3}% 21
\BOOKMARK [2][-]{subsection.3.3.1}{ortho-carborane based Samples}{section.3.3}% 22
\BOOKMARK [3][-]{subsubsection.3.3.1.1}{Before Au Deposition}{subsection.3.3.1}% 23
\BOOKMARK [3][-]{subsubsection.3.3.1.2}{After Au Deposition}{subsection.3.3.1}% 24
\BOOKMARK [3][-]{subsubsection.3.3.1.3}{After Ar+ Sputtering}{subsection.3.3.1}% 25
\BOOKMARK [2][-]{subsection.3.3.2}{meta-carborane based Samples}{section.3.3}% 26
\BOOKMARK [0][-]{section*.41}{References}{}% 27
\BOOKMARK [0][-]{chapter.4}{PYRIDINE}{}% 28
\BOOKMARK [1][-]{section.4.1}{Introduction}{chapter.4}% 29
\BOOKMARK [1][-]{section.4.2}{Samples Composition}{chapter.4}% 30
\BOOKMARK [1][-]{section.4.3}{Spectroscopic ellipsometry}{chapter.4}% 31
\BOOKMARK [1][-]{section.4.4}{Device Heterostructures}{chapter.4}% 32
\BOOKMARK [1][-]{section.4.5}{Neutron Capture}{chapter.4}% 33
\BOOKMARK [0][-]{section*.54}{References}{}% 34
\BOOKMARK [0][-]{chapter.5}{MAGNETO-RESISTANCE}{}% 35
\BOOKMARK [1][-]{section.5.1}{Introduction}{chapter.5}% 36
\BOOKMARK [1][-]{section.5.2}{Photoemission Spectroscopy}{chapter.5}% 37
\BOOKMARK [1][-]{section.5.3}{Magnetoresistance Measurements}{chapter.5}% 38
\BOOKMARK [2][-]{subsection.5.3.1}{Basic Principles}{section.5.3}% 39
\BOOKMARK [2][-]{subsection.5.3.2}{Negative Magnetoresistance}{section.5.3}% 40
\BOOKMARK [0][-]{section*.61}{References}{}% 41
\BOOKMARK [0][-]{chapter.6}{CONCLUSIONS}{}% 42
\BOOKMARK [0][-]{chapter.7}{FUTURE DIRECTIONS}{}% 43
