This is pdfTeX, Version 3.14159265-2.6-1.40.16 (TeX Live 2015/Debian) (preloaded format=pdflatex 2017.7.27)  28 JUL 2017 02:10
entering extended mode
 restricted \write18 enabled.
 %&-line parsing enabled.
**skeleton.tex
(./skeleton.tex
LaTeX2e <2016/02/01>
Babel <3.9q> and hyphenation patterns for 81 language(s) loaded.
(./nuthesis.cls
Document Class: nuthesis 2013/05/23 v0.7.1 University of Nebraska Thesis class
(/usr/share/texlive/texmf-dist/tex/latex/base/ifthen.sty
Package: ifthen 2014/09/29 v1.1c Standard LaTeX ifthen package (DPC)
)
(/usr/share/texlive/texmf-dist/tex/latex/graphics/keyval.sty
Package: keyval 2014/10/28 v1.15 key=value parser (DPC)
\KV@toks@=\toks14
)
(/usr/share/texlive/texmf-dist/tex/latex/setspace/setspace.sty
Package: setspace 2011/12/19 v6.7a set line spacing
)
(/usr/share/texlive/texmf-dist/tex/latex/koma-script/scrtime.sty
Package: scrtime 2015/10/03 v3.19a KOMA-Script package (time of LaTeX run)

(/usr/share/texlive/texmf-dist/tex/latex/koma-script/scrkbase.sty
Package: scrkbase 2015/10/03 v3.19a KOMA-Script package (KOMA-Script-dependent 
basics and keyval usage)

(/usr/share/texlive/texmf-dist/tex/latex/koma-script/scrbase.sty
Package: scrbase 2015/10/03 v3.19a KOMA-Script package (KOMA-Script-independent
 basics and keyval usage)

(/usr/share/texlive/texmf-dist/tex/latex/koma-script/scrlfile.sty
Package: scrlfile 2015/10/03 v3.19a KOMA-Script package (loading files)

Package scrlfile, 2015/10/03 v3.19a KOMA-Script package (loading files)
                  Copyright (C) Markus Kohm

)))) (/usr/share/texlive/texmf-dist/tex/latex/memoir/memoir.cls
Document Class: memoir 2015/07/08 v3.7e configurable book, report, article docu
ment class
\onelineskip=\skip41
\lxvchars=\skip42
\xlvchars=\skip43
\@memcnta=\count79
\c@@memmarkcntra=\count80
(/usr/share/texlive/texmf-dist/tex/generic/oberdiek/ifpdf.sty
Package: ifpdf 2011/01/30 v2.3 Provides the ifpdf switch (HO)
Package ifpdf Info: pdfTeX in PDF mode is detected.
)
(/usr/share/texlive/texmf-dist/tex/latex/ifetex/ifetex.sty
Package: ifetex 2011/12/15 v1.2 ifetex

(/usr/share/texlive/texmf-dist/tex/plain/ifetex/ifetex.tex))
(/usr/share/texlive/texmf-dist/tex/generic/ifxetex/ifxetex.sty
Package: ifxetex 2010/09/12 v0.6 Provides ifxetex conditional
)
(/usr/share/texlive/texmf-dist/tex/generic/oberdiek/ifluatex.sty
Package: ifluatex 2010/03/01 v1.3 Provides the ifluatex switch (HO)
Package ifluatex Info: LuaTeX not detected.
)
\stockheight=\skip44
\stockwidth=\skip45
\trimtop=\skip46
\trimedge=\skip47

(/usr/share/texlive/texmf-dist/tex/latex/memoir/mem12.clo
File: mem12.clo 2010/10/19 v0.4b memoir class 12pt size option
)
\binding=\skip48
\spinemargin=\skip49
\foremargin=\skip50
\uppermargin=\skip51
\lowermargin=\skip52
\headdrop=\skip53
\normalrulethickness=\skip54
\mem@maxheadheight=\skip55
\mem@maxfootheight=\skip56
\headwidth=\skip57
\c@storedpagenumber=\count81
\memPD=\dimen102
\m@mabparskip=\skip58
\thanksmarkwidth=\skip59
\thanksmarksep=\skip60
\droptitle=\skip61
\c@book=\count82
\c@part=\count83
\c@chapter=\count84
\c@section=\count85
\c@subsection=\count86
\c@subsubsection=\count87
\c@paragraph=\count88
\c@subparagraph=\count89
\beforechapskip=\skip62
\midchapskip=\skip63
\afterchapskip=\skip64
\chapindent=\skip65
\bottomsectionskip=\skip66
\secindent=\skip67
\beforesecskip=\skip68
\aftersecskip=\skip69
\subsecindent=\skip70
\beforesubsecskip=\skip71
\aftersubsecskip=\skip72
\subsubsecindent=\skip73
\beforesubsubsecskip=\skip74
\aftersubsubsecskip=\skip75
\paraindent=\skip76
\beforeparaskip=\skip77
\afterparaskip=\skip78
\subparaindent=\skip79
\beforesubparaskip=\skip80
\aftersubparaskip=\skip81
\pfbreakskip=\skip82
\c@@ppsavesec=\count90
\c@@ppsaveapp=\count91
\ragrparindent=\dimen103
\everylistparindent=\dimen104
\parsepi=\skip83
\topsepi=\skip84
\itemsepi=\skip85
\parsepii=\skip86
\topsepii=\skip87
\topsepiii=\skip88
\itemsepii=\skip89
\itemsepiii=\skip90
\partopsepii=\skip91
\partopsepiii=\skip92
\m@msavetopsep=\skip93
\m@msavepartopsep=\skip94
\@enLab=\toks15
\abstitleskip=\skip95
\absleftindent=\skip96
\abs@leftindent=\dimen105
\absrightindent=\skip97
\absparindent=\skip98
\absparsep=\skip99
\c@vslineno=\count92
\c@poemline=\count93
\c@modulo@vs=\count94
\c@memfvsline=\count95
\vleftskip=\skip100
\vrightskip=\skip101
\stanzaskip=\skip102
\versewidth=\skip103
\vgap=\skip104
\vindent=\skip105
\vleftmargin=\dimen106
\c@verse=\count96
\c@chrsinstr=\count97
\beforepoemtitleskip=\skip106
\afterpoemtitleskip=\skip107
\c@poem=\count98
\beforePoemTitleskip=\skip108
\midPoemTitleskip=\skip109
\afterPoemTitleskip=\skip110
\col@sep=\dimen107
\extrarowheight=\dimen108
\NC@list=\toks16
\extratabsurround=\skip111
\backup@length=\skip112
\TX@col@width=\dimen109
\TX@old@table=\dimen110
\TX@old@col=\dimen111
\TX@target=\dimen112
\TX@delta=\dimen113
\TX@cols=\count99
\TX@ftn=\toks17
\heavyrulewidth=\dimen114
\lightrulewidth=\dimen115
\cmidrulewidth=\dimen116
\belowrulesep=\dimen117
\belowbottomsep=\dimen118
\aboverulesep=\dimen119
\abovetopsep=\dimen120
\cmidrulesep=\dimen121
\cmidrulekern=\dimen122
\defaultaddspace=\dimen123
\@cmidla=\count100
\@cmidlb=\count101
\@aboverulesep=\dimen124
\@belowrulesep=\dimen125
\@thisruleclass=\count102
\@lastruleclass=\count103
\@thisrulewidth=\dimen126
\ctableftskip=\skip113
\ctabrightskip=\skip114
\abovecolumnspenalty=\count104
\@linestogo=\count105
\@cellstogo=\count106
\@cellsincolumn=\count107
\crtok=\toks18
\@mincolumnwidth=\dimen127
\c@newflo@tctr=\count108
\mem@margin@floatbox=\box26
\@contcwidth=\skip115
\@contindw=\skip116
\abovecaptionskip=\skip117
\belowcaptionskip=\skip118
\subfloattopskip=\skip119
\subfloatcapskip=\skip120
\subfloatcaptopadj=\skip121
\subfloatbottomskip=\skip122
\subfloatlabelskip=\skip123
\subfloatcapmargin=\dimen128
\c@@contsubnum=\count109
\m@mscap@capbox=\box27
\m@mscap@fbox=\box28
\sidecapsep=\dimen129
\sidecapwidth=\dimen130
\m@m@tempdima=\dimen131
\m@mscapraise=\dimen132
\sidecapraise=\dimen133
\m@mscapmainwidth=\dimen134
\m@mscaplkern=\dimen135
\beforeepigraphskip=\skip124
\afterepigraphskip=\skip125
\epigraphwidth=\skip126
\epigraphrule=\skip127
LaTeX Info: Redefining \em on input line 7535.
LaTeX Info: Redefining \emph on input line 7543.
\tocentryskip=\skip128
\tocbaseline=\skip129
\cftparskip=\skip130
\cftbeforebookskip=\skip131
\cftbookindent=\dimen136
\cftbooknumwidth=\dimen137
\cftbeforepartskip=\skip132
\cftpartindent=\skip133
\cftpartnumwidth=\skip134
\cftbeforechapterskip=\skip135
\cftchapterindent=\skip136
\cftchapternumwidth=\skip137
\cftbeforesectionskip=\skip138
\cftsectionindent=\skip139
\cftsectionnumwidth=\skip140
\cftbeforesubsectionskip=\skip141
\cftsubsectionindent=\skip142
\cftsubsectionnumwidth=\skip143
\cftbeforesubsubsectionskip=\skip144
\cftsubsubsectionindent=\skip145
\cftsubsubsectionnumwidth=\skip146
\cftbeforeparagraphskip=\skip147
\cftparagraphindent=\skip148
\cftparagraphnumwidth=\skip149
\cftbeforesubparagraphskip=\skip150
\cftsubparagraphindent=\skip151
\cftsubparagraphnumwidth=\skip152
\prechapterprecisshift=\dimen138
\c@maxsecnumdepth=\count110
\bibindent=\dimen139
\bibitemsep=\skip153
\indexcolsep=\skip154
\indexrule=\skip155
\indexmarkstyle=\toks19
\@indexbox=\insert199
\glossarycolsep=\dimen140
\glossaryrule=\dimen141
\sideparvshift=\skip156
\sideins=\insert198
\sidebartopsep=\skip157
\sidebarhsep=\skip158
\sidebarvsep=\skip159
\sidebarwidth=\skip160
\footmarkwidth=\skip161
\footmarksep=\skip162
\footparindent=\skip163
\footinsdim=\skip164
\footinsv@r=\insert197
\@mpfootinsv@r=\insert196
\m@m@k=\count111
\m@m@h=\dimen142
\m@mipn@skip=\skip165
\sidefootins=\insert195
\sidefootadjust=\skip166
\sidefootheight=\skip167
\sidefoothsep=\skip168
\sidefootvsep=\skip169
\sidefootwidth=\skip170
\m@mdownsf=\skip171
\c@sidefootnote=\count112
\sidefootmarkwidth=\skip172
\sidefootmarksep=\skip173
\sidefootparindent=\skip174
\c@pagenote=\count113
\c@pagenoteshadow=\count114
\mem@pn@lastkern=\skip175
\every@verbatim=\toks20
\afterevery@verbatim=\toks21
\verbatim@line=\toks22
\tab@position=\count115
\verbatim@in@stream=\read1
\verbatimindent=\skip176
\verbatim@out=\write3
\bvboxsep=\skip177
\c@memfbvline=\count116
\c@bvlinectr=\count117
\bvnumlength=\skip178
\fb@frw=\dimen143
\fb@frh=\dimen144
\FrameRule=\dimen145
\FrameSep=\dimen146
\c@cp@cntr=\count118
LaTeX Info: Redefining \: on input line 12052.
LaTeX Info: Redefining \! on input line 12054.
\c@ism@mctr=\count119
\c@xsm@mctr=\count120
\c@csm@mctr=\count121
\c@ksm@mctr=\count122
\c@xksm@mctr=\count123
\c@cksm@mctr=\count124
\c@msm@mctr=\count125
\c@xmsm@mctr=\count126
\c@cmsm@mctr=\count127
\c@bsm@mctr=\count128
\c@workm@mctr=\count129
\c@sheetsequence=\count130
\c@lastsheet=\count131
\c@lastpage=\count132
\c@figure=\count133
\c@lofdepth=\count134
\cftbeforefigureskip=\skip179
\cftfigureindent=\skip180
\cftfigurenumwidth=\skip181
\c@table=\count135
\c@lotdepth=\count136
\cftbeforetableskip=\skip182
\cfttableindent=\skip183
\cfttablenumwidth=\skip184
Package abstract [2008/07/23] emulated by memoir.
Package appendix [2008/07/23] emulated by memoir.
Package array [2008/09/09] emulated by memoir.
Package booktabs [2008/07/23] emulated by memoir.
Package ccaption [2008/07/23] emulated by memoir.
Package changepage [2008/07/23] emulated by memoir.
Package chngcntr [2008/07/23] emulated by memoir.
Package chngpage [2008/07/23] emulated by memoir.
Package crop emulated by memoir.
Package dcolumn [2008/07/23] emulated by memoir.
Package delarray [2008/07/23] emulated by memoir.
Package enumerate [2008/07/23] emulated by memoir.
Package epigraph [2008/07/23] emulated by memoir.
Package ifmtarg [2008/07/23] emulated by memoir.
Package index [2008/07/23] emulated by memoir.
Package makeidx [2008/07/23] emulated by memoir.
Package moreverb [2008/07/23] emulated by memoir.
Package mparhack [2008/07/23] emulated by memoir.
Package needspace [2008/07/23] emulated by memoir.
Package newfile [2008/07/23] emulated by memoir.
Package nextpage [2008/07/23] emulated by memoir.
Package pagenote [2008/07/23] emulated by memoir.
Package parskip [2008/07/23] emulated by memoir.
Package patchcmd [2008/07/23] emulated by memoir.
Package setspace [2008/07/23] emulated by memoir.
Package shortvrb [2008/07/23] emulated by memoir.
Package showidx [2008/07/23] emulated by memoir.
Package tabularx [2008/07/23] emulated by memoir.
Package titleref [2008/07/23] emulated by memoir.
Package titling [2008/07/23] emulated by memoir.
Package tocbibind [2008/07/23] emulated by memoir.
Package tocloft [2008/07/23] emulated by memoir.
Package tocvsec2 [2008/07/23] emulated by memoir.
Package verbatim [2008/07/23] emulated by memoir.
Package verse [2008/07/23] emulated by memoir.

(/usr/share/texlive/texmf-dist/tex/latex/memoir/mempatch.sty
Package: mempatch 2009/07/24 v6.0f Patches for memoir class v1.6180339
))
(/usr/share/texlive/texmf-dist/tex/latex/geometry/geometry.sty
Package: geometry 2010/09/12 v5.6 Page Geometry

(/usr/share/texlive/texmf-dist/tex/generic/oberdiek/ifvtex.sty
Package: ifvtex 2010/03/01 v1.5 Detect VTeX and its facilities (HO)
Package ifvtex Info: VTeX not detected.
)
\Gm@cnth=\count137
\Gm@cntv=\count138
\c@Gm@tempcnt=\count139
\Gm@bindingoffset=\dimen147
\Gm@wd@mp=\dimen148
\Gm@odd@mp=\dimen149
\Gm@even@mp=\dimen150
\Gm@layoutwidth=\dimen151
\Gm@layoutheight=\dimen152
\Gm@layouthoffset=\dimen153
\Gm@layoutvoffset=\dimen154
\Gm@dimlist=\toks23
))
(/usr/share/texlive/texmf-dist/tex/latex/psnfss/mathptmx.sty
Package: mathptmx 2005/04/12 PSNFSS-v9.2a Times w/ Math, improved (SPQR, WaS) 
LaTeX Font Info:    Redeclaring symbol font `operators' on input line 28.
LaTeX Font Info:    Overwriting symbol font `operators' in version `normal'
(Font)                  OT1/cmr/m/n --> OT1/ztmcm/m/n on input line 28.
LaTeX Font Info:    Overwriting symbol font `operators' in version `bold'
(Font)                  OT1/cmr/bx/n --> OT1/ztmcm/m/n on input line 28.
LaTeX Font Info:    Redeclaring symbol font `letters' on input line 29.
LaTeX Font Info:    Overwriting symbol font `letters' in version `normal'
(Font)                  OML/cmm/m/it --> OML/ztmcm/m/it on input line 29.
LaTeX Font Info:    Overwriting symbol font `letters' in version `bold'
(Font)                  OML/cmm/b/it --> OML/ztmcm/m/it on input line 29.
LaTeX Font Info:    Redeclaring symbol font `symbols' on input line 30.
LaTeX Font Info:    Overwriting symbol font `symbols' in version `normal'
(Font)                  OMS/cmsy/m/n --> OMS/ztmcm/m/n on input line 30.
LaTeX Font Info:    Overwriting symbol font `symbols' in version `bold'
(Font)                  OMS/cmsy/b/n --> OMS/ztmcm/m/n on input line 30.
LaTeX Font Info:    Redeclaring symbol font `largesymbols' on input line 31.
LaTeX Font Info:    Overwriting symbol font `largesymbols' in version `normal'
(Font)                  OMX/cmex/m/n --> OMX/ztmcm/m/n on input line 31.
LaTeX Font Info:    Overwriting symbol font `largesymbols' in version `bold'
(Font)                  OMX/cmex/m/n --> OMX/ztmcm/m/n on input line 31.
\symbold=\mathgroup4
\symitalic=\mathgroup5
LaTeX Font Info:    Redeclaring math alphabet \mathbf on input line 34.
LaTeX Font Info:    Overwriting math alphabet `\mathbf' in version `normal'
(Font)                  OT1/cmr/bx/n --> OT1/ptm/bx/n on input line 34.
LaTeX Font Info:    Overwriting math alphabet `\mathbf' in version `bold'
(Font)                  OT1/cmr/bx/n --> OT1/ptm/bx/n on input line 34.
LaTeX Font Info:    Redeclaring math alphabet \mathit on input line 35.
LaTeX Font Info:    Overwriting math alphabet `\mathit' in version `normal'
(Font)                  OT1/cmr/m/it --> OT1/ptm/m/it on input line 35.
LaTeX Font Info:    Overwriting math alphabet `\mathit' in version `bold'
(Font)                  OT1/cmr/bx/it --> OT1/ptm/m/it on input line 35.
LaTeX Info: Redefining \hbar on input line 50.
)
(/usr/share/texlive/texmf-dist/tex/latex/graphics/graphicx.sty
Package: graphicx 2014/10/28 v1.0g Enhanced LaTeX Graphics (DPC,SPQR)

(/usr/share/texlive/texmf-dist/tex/latex/graphics/graphics.sty
Package: graphics 2016/01/03 v1.0q Standard LaTeX Graphics (DPC,SPQR)

(/usr/share/texlive/texmf-dist/tex/latex/graphics/trig.sty
Package: trig 2016/01/03 v1.10 sin cos tan (DPC)
)
(/usr/share/texlive/texmf-dist/tex/latex/latexconfig/graphics.cfg
File: graphics.cfg 2010/04/23 v1.9 graphics configuration of TeX Live
)
Package graphics Info: Driver file: pdftex.def on input line 95.

(/usr/share/texlive/texmf-dist/tex/latex/pdftex-def/pdftex.def
File: pdftex.def 2011/05/27 v0.06d Graphics/color for pdfTeX

(/usr/share/texlive/texmf-dist/tex/generic/oberdiek/infwarerr.sty
Package: infwarerr 2010/04/08 v1.3 Providing info/warning/error messages (HO)
)
(/usr/share/texlive/texmf-dist/tex/generic/oberdiek/ltxcmds.sty
Package: ltxcmds 2011/11/09 v1.22 LaTeX kernel commands for general use (HO)
)
\Gread@gobject=\count140
))
\Gin@req@height=\dimen155
\Gin@req@width=\dimen156
)
(/usr/share/texlive/texmf-dist/tex/latex/psnfss/times.sty
Package: times 2005/04/12 PSNFSS-v9.2a (SPQR) 
)
(/usr/share/texlive/texmf-dist/tex/latex/oberdiek/epstopdf.sty
Package: epstopdf 2010/02/09 v2.5 Conversion with epstopdf on the fly (HO)

(/usr/share/texlive/texmf-dist/tex/latex/oberdiek/epstopdf-base.sty
Package: epstopdf-base 2010/02/09 v2.5 Base part for package epstopdf

(/usr/share/texlive/texmf-dist/tex/latex/oberdiek/grfext.sty
Package: grfext 2010/08/19 v1.1 Manage graphics extensions (HO)

(/usr/share/texlive/texmf-dist/tex/generic/oberdiek/kvdefinekeys.sty
Package: kvdefinekeys 2011/04/07 v1.3 Define keys (HO)
))
(/usr/share/texlive/texmf-dist/tex/latex/oberdiek/kvoptions.sty
Package: kvoptions 2011/06/30 v3.11 Key value format for package options (HO)

(/usr/share/texlive/texmf-dist/tex/generic/oberdiek/kvsetkeys.sty
Package: kvsetkeys 2012/04/25 v1.16 Key value parser (HO)

(/usr/share/texlive/texmf-dist/tex/generic/oberdiek/etexcmds.sty
Package: etexcmds 2011/02/16 v1.5 Avoid name clashes with e-TeX commands (HO)
Package etexcmds Info: Could not find \expanded.
(etexcmds)             That can mean that you are not using pdfTeX 1.50 or
(etexcmds)             that some package has redefined \expanded.
(etexcmds)             In the latter case, load this package earlier.
)))
(/usr/share/texlive/texmf-dist/tex/generic/oberdiek/pdftexcmds.sty
Package: pdftexcmds 2011/11/29 v0.20 Utility functions of pdfTeX for LuaTeX (HO
)
Package pdftexcmds Info: LuaTeX not detected.
Package pdftexcmds Info: \pdf@primitive is available.
Package pdftexcmds Info: \pdf@ifprimitive is available.
Package pdftexcmds Info: \pdfdraftmode found.
)
Package grfext Info: Graphics extension search list:
(grfext)             [.png,.pdf,.jpg,.mps,.jpeg,.jbig2,.jb2,.PNG,.PDF,.JPG,.JPE
G,.JBIG2,.JB2,.eps]
(grfext)             \AppendGraphicsExtensions on input line 452.

(/usr/share/texlive/texmf-dist/tex/latex/latexconfig/epstopdf-sys.cfg
File: epstopdf-sys.cfg 2010/07/13 v1.3 Configuration of (r)epstopdf for TeX Liv
e
)))
(/usr/share/texlive/texmf-dist/tex/latex/amsmath/amsmath.sty
Package: amsmath 2016/03/03 v2.15a AMS math features
\@mathmargin=\skip185

For additional information on amsmath, use the `?' option.
(/usr/share/texlive/texmf-dist/tex/latex/amsmath/amstext.sty
Package: amstext 2000/06/29 v2.01 AMS text

(/usr/share/texlive/texmf-dist/tex/latex/amsmath/amsgen.sty
File: amsgen.sty 1999/11/30 v2.0 generic functions
\@emptytoks=\toks24
\ex@=\dimen157
))
(/usr/share/texlive/texmf-dist/tex/latex/amsmath/amsbsy.sty
Package: amsbsy 1999/11/29 v1.2d Bold Symbols
\pmbraise@=\dimen158
)
(/usr/share/texlive/texmf-dist/tex/latex/amsmath/amsopn.sty
Package: amsopn 1999/12/14 v2.01 operator names
)
\inf@bad=\count141
LaTeX Info: Redefining \frac on input line 199.
\uproot@=\count142
\leftroot@=\count143
LaTeX Info: Redefining \overline on input line 297.
\classnum@=\count144
\DOTSCASE@=\count145
LaTeX Info: Redefining \ldots on input line 394.
LaTeX Info: Redefining \dots on input line 397.
LaTeX Info: Redefining \cdots on input line 518.
\Mathstrutbox@=\box29
\strutbox@=\box30
\big@size=\dimen159
LaTeX Font Info:    Redeclaring font encoding OML on input line 630.
LaTeX Font Info:    Redeclaring font encoding OMS on input line 631.
\macc@depth=\count146
\c@MaxMatrixCols=\count147
\dotsspace@=\muskip10
\c@parentequation=\count148
\dspbrk@lvl=\count149
\tag@help=\toks25
\row@=\count150
\column@=\count151
\maxfields@=\count152
\andhelp@=\toks26
\eqnshift@=\dimen160
\alignsep@=\dimen161
\tagshift@=\dimen162
\tagwidth@=\dimen163
\totwidth@=\dimen164
\lineht@=\dimen165
\@envbody=\toks27
\multlinegap=\skip186
\multlinetaggap=\skip187
\mathdisplay@stack=\toks28
LaTeX Info: Redefining \[ on input line 2735.
LaTeX Info: Redefining \] on input line 2736.
)
(/usr/share/texlive/texmf-dist/tex/latex/algorithms/algorithm.sty
Package: algorithm 2009/08/24 v0.1 Document Style `algorithm' - floating enviro
nment

(/usr/share/texlive/texmf-dist/tex/latex/float/float.sty
Package: float 2001/11/08 v1.3d Float enhancements (AL)
\c@float@type=\count153
\float@exts=\toks29
\float@box=\box31
\@float@everytoks=\toks30
\@floatcapt=\box32
)
\@float@every@algorithm=\toks31
\c@algorithm=\count154
)
(/usr/share/texlive/texmf-dist/tex/latex/algorithmicx/algpseudocode.sty
Package: algpseudocode 

(/usr/share/texlive/texmf-dist/tex/latex/algorithmicx/algorithmicx.sty
Package: algorithmicx 2005/04/27 v1.2 Algorithmicx

Document Style algorithmicx 1.2 - a greatly improved `algorithmic' style
\c@ALG@line=\count155
\c@ALG@rem=\count156
\c@ALG@nested=\count157
\ALG@tlm=\skip188
\ALG@thistlm=\skip189
\c@ALG@Lnr=\count158
\c@ALG@blocknr=\count159
\c@ALG@storecount=\count160
\c@ALG@tmpcounter=\count161
\ALG@tmplength=\skip190
)
Document Style - pseudocode environments for use with the `algorithmicx' style
) (/usr/share/texlive/texmf-dist/tex/generic/babel/babel.sty
Package: babel 2016/02/24 3.9q The Babel package

(/usr/share/texlive/texmf-dist/tex/generic/babel-english/english.ldf
Language: english 2012/08/20 v3.3p English support from the babel system

(/usr/share/texlive/texmf-dist/tex/generic/babel/babel.def
File: babel.def 2016/02/24 3.9q Babel common definitions
\babel@savecnt=\count162
\U@D=\dimen166
)
\l@canadian = a dialect from \language\l@american 
\l@australian = a dialect from \language\l@british 
\l@newzealand = a dialect from \language\l@british 
))
(/usr/share/texlive/texmf-dist/tex/latex/base/fontenc.sty
Package: fontenc 2005/09/27 v1.99g Standard LaTeX package

(/usr/share/texlive/texmf-dist/tex/latex/base/t1enc.def
File: t1enc.def 2005/09/27 v1.99g Standard LaTeX file
LaTeX Font Info:    Redeclaring font encoding T1 on input line 48.
))
(/usr/share/texlive/texmf-dist/tex/latex/base/latexsym.sty
Package: latexsym 1998/08/17 v2.2e Standard LaTeX package (lasy symbols)
\symlasy=\mathgroup6
LaTeX Font Info:    Overwriting symbol font `lasy' in version `bold'
(Font)                  U/lasy/m/n --> U/lasy/b/n on input line 52.
)
(/usr/share/texlive/texmf-dist/tex/latex/amscls/amsthm.sty
Package: amsthm 2015/03/04 v2.20.2
\thm@style=\toks32
\thm@bodyfont=\toks33
\thm@headfont=\toks34
\thm@notefont=\toks35
\thm@headpunct=\toks36
\thm@preskip=\skip191
\thm@postskip=\skip192
\thm@headsep=\skip193
\dth@everypar=\toks37
)
(/usr/share/texlive/texmf-dist/tex/latex/amsfonts/amsfonts.sty
Package: amsfonts 2013/01/14 v3.01 Basic AMSFonts support
\symAMSa=\mathgroup7
\symAMSb=\mathgroup8
LaTeX Font Info:    Overwriting math alphabet `\mathfrak' in version `bold'
(Font)                  U/euf/m/n --> U/euf/b/n on input line 106.
)
(/usr/share/texlive/texmf-dist/tex/latex/graphics/epsfig.sty
Package: epsfig 1999/02/16 v1.7a (e)psfig emulation (SPQR)
\epsfxsize=\dimen167
\epsfysize=\dimen168
)
(/usr/share/texlive/texmf-dist/tex/latex/hyperref/hyperref.sty
Package: hyperref 2012/11/06 v6.83m Hypertext links for LaTeX

(/usr/share/texlive/texmf-dist/tex/generic/oberdiek/hobsub-hyperref.sty
Package: hobsub-hyperref 2012/05/28 v1.13 Bundle oberdiek, subset hyperref (HO)


(/usr/share/texlive/texmf-dist/tex/generic/oberdiek/hobsub-generic.sty
Package: hobsub-generic 2012/05/28 v1.13 Bundle oberdiek, subset generic (HO)
Package: hobsub 2012/05/28 v1.13 Construct package bundles (HO)
Package hobsub Info: Skipping package `infwarerr' (already loaded).
Package hobsub Info: Skipping package `ltxcmds' (already loaded).
Package hobsub Info: Skipping package `ifluatex' (already loaded).
Package hobsub Info: Skipping package `ifvtex' (already loaded).
Package: intcalc 2007/09/27 v1.1 Expandable calculations with integers (HO)
Package hobsub Info: Skipping package `ifpdf' (already loaded).
Package hobsub Info: Skipping package `etexcmds' (already loaded).
Package hobsub Info: Skipping package `kvsetkeys' (already loaded).
Package hobsub Info: Skipping package `kvdefinekeys' (already loaded).
Package hobsub Info: Skipping package `pdftexcmds' (already loaded).
Package: pdfescape 2011/11/25 v1.13 Implements pdfTeX's escape features (HO)
Package: bigintcalc 2012/04/08 v1.3 Expandable calculations on big integers (HO
)
Package: bitset 2011/01/30 v1.1 Handle bit-vector datatype (HO)
Package: uniquecounter 2011/01/30 v1.2 Provide unlimited unique counter (HO)
)
Package hobsub Info: Skipping package `hobsub' (already loaded).
Package: letltxmacro 2010/09/02 v1.4 Let assignment for LaTeX macros (HO)
Package: hopatch 2012/05/28 v1.2 Wrapper for package hooks (HO)
Package: xcolor-patch 2011/01/30 xcolor patch
Package: atveryend 2011/06/30 v1.8 Hooks at the very end of document (HO)
Package atveryend Info: \enddocument detected (standard20110627).
Package: atbegshi 2011/10/05 v1.16 At begin shipout hook (HO)
Package: refcount 2011/10/16 v3.4 Data extraction from label references (HO)
Package: hycolor 2011/01/30 v1.7 Color options for hyperref/bookmark (HO)
)
(/usr/share/texlive/texmf-dist/tex/latex/oberdiek/auxhook.sty
Package: auxhook 2011/03/04 v1.3 Hooks for auxiliary files (HO)
)
\@linkdim=\dimen169
\Hy@linkcounter=\count163
\Hy@pagecounter=\count164

(/usr/share/texlive/texmf-dist/tex/latex/hyperref/pd1enc.def
File: pd1enc.def 2012/11/06 v6.83m Hyperref: PDFDocEncoding definition (HO)
)
\Hy@SavedSpaceFactor=\count165

(/usr/share/texlive/texmf-dist/tex/latex/latexconfig/hyperref.cfg
File: hyperref.cfg 2002/06/06 v1.2 hyperref configuration of TeXLive
)
Package hyperref Info: Hyper figures OFF on input line 4443.
Package hyperref Info: Link nesting OFF on input line 4448.
Package hyperref Info: Hyper index ON on input line 4451.
Package hyperref Info: Plain pages OFF on input line 4458.
Package hyperref Info: Backreferencing OFF on input line 4463.
Package hyperref Info: Implicit mode ON; LaTeX internals redefined.
Package hyperref Info: Bookmarks ON on input line 4688.
\c@Hy@tempcnt=\count166

(/usr/share/texlive/texmf-dist/tex/latex/url/url.sty
\Urlmuskip=\muskip11
Package: url 2013/09/16  ver 3.4  Verb mode for urls, etc.
)
LaTeX Info: Redefining \url on input line 5041.
\XeTeXLinkMargin=\dimen170
\Fld@menulength=\count167
\Field@Width=\dimen171
\Fld@charsize=\dimen172
Package hyperref Info: Hyper figures OFF on input line 6295.
Package hyperref Info: Link nesting OFF on input line 6300.
Package hyperref Info: Hyper index ON on input line 6303.
Package hyperref Info: backreferencing OFF on input line 6310.
Package hyperref Info: Link coloring OFF on input line 6315.
Package hyperref Info: Link coloring with OCG OFF on input line 6320.
Package hyperref Info: PDF/A mode OFF on input line 6325.
LaTeX Info: Redefining \ref on input line 6365.
LaTeX Info: Redefining \pageref on input line 6369.
\Hy@abspage=\count168
\c@Item=\count169
\c@Hfootnote=\count170
)
(/usr/share/texlive/texmf-dist/tex/latex/memoir/memhfixc.sty
Package: memhfixc 2013/05/30 v1.17 nameref/hyperref package fixes for memoir cl
ass
\c@memhycontfloat=\count171
\c@Hpagenote=\count172
)

Package hyperref Message: Driver (autodetected): hpdftex.

(/usr/share/texlive/texmf-dist/tex/latex/hyperref/hpdftex.def
File: hpdftex.def 2012/11/06 v6.83m Hyperref driver for pdfTeX
\Fld@listcount=\count173
\c@bookmark@seq@number=\count174

(/usr/share/texlive/texmf-dist/tex/latex/oberdiek/rerunfilecheck.sty
Package: rerunfilecheck 2011/04/15 v1.7 Rerun checks for auxiliary files (HO)
Package uniquecounter Info: New unique counter `rerunfilecheck' on input line 2
82.
)
\Hy@SectionHShift=\skip194
)
(/usr/share/texlive/texmf-dist/tex/latex/amsfonts/amssymb.sty
Package: amssymb 2013/01/14 v3.01 AMS font symbols
)
(/usr/share/texlive/texmf-dist/tex/latex/graphics/color.sty
Package: color 2016/01/03 v1.1b Standard LaTeX Color (DPC)

(/usr/share/texlive/texmf-dist/tex/latex/latexconfig/color.cfg
File: color.cfg 2007/01/18 v1.5 color configuration of teTeX/TeXLive
)
Package color Info: Driver file: pdftex.def on input line 143.
)
(/usr/share/texlive/texmf-dist/tex/latex/footmisc/footmisc.sty
Package: footmisc 2011/06/06 v5.5b a miscellany of footnote facilities
\FN@temptoken=\toks38
\footnotemargin=\dimen173
\c@pp@next@reset=\count175
Package footmisc Info: Declaring symbol style bringhurst on input line 855.
Package footmisc Info: Declaring symbol style chicago on input line 863.
Package footmisc Info: Declaring symbol style wiley on input line 872.
Package footmisc Info: Declaring symbol style lamport-robust on input line 883.

Package footmisc Info: Declaring symbol style lamport* on input line 903.
Package footmisc Info: Declaring symbol style lamport*-robust on input line 924
.
)

Class memoir Warning: You are using the caption package with the memoir class. 
To prepare we will now reset all captioning macros and configurations to kernel
 defaults, and then let the caption package take over. Please remember to use t
he caption package interfaces in order to configure your captions. .

(/usr/share/texlive/texmf-dist/tex/latex/caption/caption.sty
Package: caption 2016/02/21 v3.3-144 Customizing captions (AR)

(/usr/share/texlive/texmf-dist/tex/latex/caption/caption3.sty
Package: caption3 2016/02/04 v1.7-139 caption3 kernel (AR)
Package caption3 Info: TeX engine: e-TeX on input line 67.
\captionmargin=\dimen174
\captionmargin@=\dimen175
\captionwidth=\dimen176
\caption@tempdima=\dimen177
\caption@indent=\dimen178
\caption@parindent=\dimen179
\caption@hangindent=\dimen180
)
\c@ContinuedFloat=\count176
Package caption Info: float package is loaded.
Package caption Info: hyperref package is loaded.
)
(/usr/share/texlive/texmf-dist/tex/latex/psnfss/pifont.sty
Package: pifont 2005/04/12 PSNFSS-v9.2a Pi font support (SPQR) 
LaTeX Font Info:    Try loading font information for U+pzd on input line 63.

(/usr/share/texlive/texmf-dist/tex/latex/psnfss/upzd.fd
File: upzd.fd 2001/06/04 font definitions for U/pzd.
)
LaTeX Font Info:    Try loading font information for U+psy on input line 64.

(/usr/share/texlive/texmf-dist/tex/latex/psnfss/upsy.fd
File: upsy.fd 2001/06/04 font definitions for U/psy.
))
(/usr/share/texlive/texmf-dist/tex/latex/multirow/multirow.sty
\bigstrutjot=\dimen181
)
(/usr/share/texlive/texmf-dist/tex/latex/titlesec/titlesec.sty
Package: titlesec 2016/03/15 v2.10.1 Sectioning titles
\ttl@box=\box33
\beforetitleunit=\skip256
\aftertitleunit=\skip257
\ttl@plus=\dimen182
\ttl@minus=\dimen183
\ttl@toksa=\toks39
\titlewidth=\dimen184
\titlewidthlast=\dimen185
\titlewidthfirst=\dimen186
) (./skeleton.aux)
\openout1 = `skeleton.aux'.

LaTeX Font Info:    Checking defaults for OML/cmm/m/it on input line 69.
LaTeX Font Info:    ... okay on input line 69.
LaTeX Font Info:    Checking defaults for T1/cmr/m/n on input line 69.
LaTeX Font Info:    ... okay on input line 69.
LaTeX Font Info:    Checking defaults for OT1/cmr/m/n on input line 69.
LaTeX Font Info:    ... okay on input line 69.
LaTeX Font Info:    Checking defaults for OMS/cmsy/m/n on input line 69.
LaTeX Font Info:    ... okay on input line 69.
LaTeX Font Info:    Checking defaults for OMX/cmex/m/n on input line 69.
LaTeX Font Info:    ... okay on input line 69.
LaTeX Font Info:    Checking defaults for U/cmr/m/n on input line 69.
LaTeX Font Info:    ... okay on input line 69.
LaTeX Font Info:    Checking defaults for PD1/pdf/m/n on input line 69.
LaTeX Font Info:    ... okay on input line 69.
LaTeX Font Info:    Try loading font information for T1+ptm on input line 69.
 (/usr/share/texlive/texmf-dist/tex/latex/psnfss/t1ptm.fd
File: t1ptm.fd 2001/06/04 font definitions for T1/ptm.
)
*geometry* driver: auto-detecting
*geometry* detected driver: pdftex
*geometry* verbose mode - [ preamble ] result:
* driver: pdftex
* paper: letterpaper
* layout: <same size as paper>
* layoutoffset:(h,v)=(0.0pt,0.0pt)
* bindingoffset: 36.135pt
* modes: includehead 
* h-part:(L,W,R)=(72.26999pt, 433.62003pt, 72.26999pt)
* v-part:(T,H,B)=(72.26999pt, 650.43001pt, 72.26999pt)
* \paperwidth=614.295pt
* \paperheight=794.96999pt
* \textwidth=433.62003pt
* \textheight=616.05621pt
* \oddsidemargin=36.135pt
* \evensidemargin=0.0pt
* \topmargin=0.0pt
* \headheight=14.5pt
* \headsep=19.8738pt
* \topskip=12.0pt
* \footskip=0.0pt
* \marginparwidth=50.0pt
* \marginparsep=7.0pt
* \columnsep=10.0pt
* \skip\footins=12.0pt plus 4.0pt minus 4.0pt
* \hoffset=0.0pt
* \voffset=0.0pt
* \mag=1000
* \@twocolumnfalse
* \@twosidefalse
* \@mparswitchfalse
* \@reversemarginfalse
* (1in=72.27pt=25.4mm, 1cm=28.453pt)

(/usr/share/texlive/texmf-dist/tex/context/base/supp-pdf.mkii
[Loading MPS to PDF converter (version 2006.09.02).]
\scratchcounter=\count177
\scratchdimen=\dimen187
\scratchbox=\box34
\nofMPsegments=\count178
\nofMParguments=\count179
\everyMPshowfont=\toks40
\MPscratchCnt=\count180
\MPscratchDim=\dimen188
\MPnumerator=\count181
\makeMPintoPDFobject=\count182
\everyMPtoPDFconversion=\toks41
)
\AtBeginShipoutBox=\box35
Package hyperref Info: Link coloring OFF on input line 69.
 (/usr/share/texlive/texmf-dist/tex/latex/hyperref/nameref.sty
Package: nameref 2012/10/27 v2.43 Cross-referencing by name of section

(/usr/share/texlive/texmf-dist/tex/generic/oberdiek/gettitlestring.sty
Package: gettitlestring 2010/12/03 v1.4 Cleanup title references (HO)
)
\c@section@level=\count183
)
Redoing nameref's sectioning
Redoing nameref's label
LaTeX Info: Redefining \nameref on input line 69.
LaTeX Info: Redefining \ref on input line 69.
LaTeX Info: Redefining \pageref on input line 69.
LaTeX Info: Redefining \nameref on input line 69.
(./skeleton.out) (./skeleton.out)
\@outlinefile=\write4
\openout4 = `skeleton.out'.

Package caption Info: Begin \AtBeginDocument code.
Package caption Info: End \AtBeginDocument code.
 [1


{/var/lib/texmf/fonts/map/pdftex/updmap/pdftex.map}] (../sections/Abstract.tex
Underfull \hbox (badness 10000) in paragraph at lines 1--2

 []


Underfull \hbox (badness 10000) in paragraph at lines 3--4

 []


Underfull \hbox (badness 10000) in paragraph at lines 5--6

 []

[2

]) [3]
LaTeX Font Info:    Font shape `T1/ptm/bx/n' in size <24.88> not available
(Font)              Font shape `T1/ptm/b/n' tried instead on input line 147.
 (./skeleton.toc
LaTeX Font Info:    Font shape `T1/ptm/bx/n' in size <12> not available
(Font)              Font shape `T1/ptm/b/n' tried instead on input line 2.
LaTeX Font Info:    Try loading font information for OT1+ztmcm on input line 2.


(/usr/share/texlive/texmf-dist/tex/latex/psnfss/ot1ztmcm.fd
File: ot1ztmcm.fd 2000/01/03 Fontinst v1.801 font definitions for OT1/ztmcm.
)
LaTeX Font Info:    Try loading font information for OML+ztmcm on input line 2.


(/usr/share/texlive/texmf-dist/tex/latex/psnfss/omlztmcm.fd
File: omlztmcm.fd 2000/01/03 Fontinst v1.801 font definitions for OML/ztmcm.
)
LaTeX Font Info:    Try loading font information for OMS+ztmcm on input line 2.


(/usr/share/texlive/texmf-dist/tex/latex/psnfss/omsztmcm.fd
File: omsztmcm.fd 2000/01/03 Fontinst v1.801 font definitions for OMS/ztmcm.
)
LaTeX Font Info:    Try loading font information for OMX+ztmcm on input line 2.


(/usr/share/texlive/texmf-dist/tex/latex/psnfss/omxztmcm.fd
File: omxztmcm.fd 2000/01/03 Fontinst v1.801 font definitions for OMX/ztmcm.
)
LaTeX Font Info:    Try loading font information for OT1+ptm on input line 2.

(/usr/share/texlive/texmf-dist/tex/latex/psnfss/ot1ptm.fd
File: ot1ptm.fd 2001/06/04 font definitions for OT1/ptm.
)
LaTeX Font Info:    Font shape `OT1/ptm/bx/n' in size <12> not available
(Font)              Font shape `OT1/ptm/b/n' tried instead on input line 2.
LaTeX Font Info:    Font shape `OT1/ptm/bx/n' in size <9> not available
(Font)              Font shape `OT1/ptm/b/n' tried instead on input line 2.
LaTeX Font Info:    Font shape `OT1/ptm/bx/n' in size <7> not available
(Font)              Font shape `OT1/ptm/b/n' tried instead on input line 2.
LaTeX Font Info:    Try loading font information for U+lasy on input line 2.

(/usr/share/texlive/texmf-dist/tex/latex/base/ulasy.fd
File: ulasy.fd 1998/08/17 v2.2e LaTeX symbol font definitions
)

Class memoir Warning: The material used in the footer is too large
(10.14995pt) for the given foot skip (0.0pt), it is recommended to
either increase the foot skip or redesign the fotoer
(in both cases you will find help in the memoir manual). on input line 18.

[4


] [5]) [6] (./skeleton.lof [7

] [8]) [9] (./skeleton.lot
Overfull \hbox (27.87157pt too wide) in paragraph at lines 12--12
 [][] [][]\T1/ptm/m/n/12 Experimental B/N and B/C atomic ra-tios, and cor-re-sp
ond-ing pyri-dine/orthocarborane 
 []

) [10

] (../sections/Intro.tex
LaTeX Font Info:    Font shape `T1/ptm/bx/n' in size <20.74> not available
(Font)              Font shape `T1/ptm/b/n' tried instead on input line 3.

Underfull \hbox (badness 10000) in paragraph at lines 7--8

 []


Underfull \hbox (badness 10000) in paragraph at lines 10--11

 []


Underfull \hbox (badness 10000) in paragraph at lines 12--13

 []

[1


]
Underfull \hbox (badness 10000) in paragraph at lines 15--16

 []

<../images/Nitrogen.png, id=392, 932.48375pt x 634.37pt>
File: ../images/Nitrogen.png Graphic file (type png)

<use ../images/Nitrogen.png>
Package pdftex.def Info: ../images/Nitrogen.png used on input line 19.
(pdftex.def)             Requested size: 279.74728pt x 190.31245pt.
LaTeX Font Info:    Font shape `T1/ptm/bx/n' in size <10.95> not available
(Font)              Font shape `T1/ptm/b/n' tried instead on input line 20.
LaTeX Font Info:    Font shape `OT1/ptm/bx/n' in size <10.95> not available
(Font)              Font shape `OT1/ptm/b/n' tried instead on input line 20.
LaTeX Font Info:    Font shape `OT1/ptm/bx/n' in size <8> not available
(Font)              Font shape `OT1/ptm/b/n' tried instead on input line 20.
LaTeX Font Info:    Font shape `OT1/ptm/bx/n' in size <6> not available
(Font)              Font shape `OT1/ptm/b/n' tried instead on input line 20.

Underfull \hbox (badness 10000) in paragraph at lines 23--24

 []

[2 <../images/Nitrogen.png>]
Underfull \hbox (badness 10000) in paragraph at lines 25--27

 []

[3]
bibitemlist

Underfull \hbox (badness 1533) in paragraph at lines 48--49
\T1/ptm/m/n/12 A., Karki, S. and Caruso, A.N. MRS Sym-po-sium Pro-ceed-ings \T1
/ptm/b/n/12 1307 \T1/ptm/m/n/12 (2011)
 []

[4

] [5] [6]) (../sections/Experimental_techniques.tex [7]
LaTeX Font Info:    Font shape `T1/ptm/bx/n' in size <17.28> not available
(Font)              Font shape `T1/ptm/b/n' tried instead on input line 10.

Underfull \hbox (badness 10000) in paragraph at lines 13--14

 []


Underfull \hbox (badness 10000) in paragraph at lines 21--22

 []

[8

]
Underfull \hbox (badness 10000) in paragraph at lines 23--24

 []

LaTeX Font Info:    Font shape `OT1/ptm/bx/n' in size <10> not available
(Font)              Font shape `OT1/ptm/b/n' tried instead on input line 25.
LaTeX Font Info:    Font shape `OT1/ptm/bx/n' in size <7.4> not available
(Font)              Font shape `OT1/ptm/b/n' tried instead on input line 25.
LaTeX Font Info:    Try loading font information for OMS+ptm on input line 25.
(/usr/share/texlive/texmf-dist/tex/latex/psnfss/omsptm.fd
File: omsptm.fd 
)
LaTeX Font Info:    Font shape `OMS/ptm/m/n' in size <12> not available
(Font)              Font shape `OMS/cmsy/m/n' tried instead on input line 25.

<../images/carborane.png, id=464, 488.57532pt x 347.79938pt>
File: ../images/carborane.png Graphic file (type png)

<use ../images/carborane.png>
Package pdftex.def Info: ../images/carborane.png used on input line 28.
(pdftex.def)             Requested size: 195.42667pt x 139.11728pt.


LaTeX Warning: `!h' float specifier changed to `!ht'.

<../images/aromatics.png, id=465, 745.28438pt x 210.7875pt>
File: ../images/aromatics.png Graphic file (type png)

<use ../images/aromatics.png>
Package pdftex.def Info: ../images/aromatics.png used on input line 34.
(pdftex.def)             Requested size: 372.64128pt x 105.3935pt.


LaTeX Warning: `!h' float specifier changed to `!ht'.

LaTeX Font Info:    Font shape `T1/ptm/bx/n' in size <14.4> not available
(Font)              Font shape `T1/ptm/b/n' tried instead on input line 39.

Underfull \hbox (badness 10000) in paragraph at lines 42--43

 []

[9]
Underfull \hbox (badness 10000) in paragraph at lines 44--45

 []

[10 <../images/carborane.png> <../images/aromatics.png>]
<../images/Structure2b.png, id=480, 1626.075pt x 939.51pt>
File: ../images/Structure2b.png Graphic file (type png)

<use ../images/Structure2b.png>
Package pdftex.def Info: ../images/Structure2b.png used on input line 50.
(pdftex.def)             Requested size: 439.04613pt x 253.67108pt.

Overfull \hbox (5.4261pt too wide) in paragraph at lines 50--51
 [][] 
 []

<../images/Dep_Chamber.png, id=482, 619.56468pt x 523.20468pt>
File: ../images/Dep_Chamber.png Graphic file (type png)

<use ../images/Dep_Chamber.png>
Package pdftex.def Info: ../images/Dep_Chamber.png used on input line 69.
(pdftex.def)             Requested size: 309.78157pt x 261.6017pt.
 [11 <../images/Structure2b.png>]
Overfull \hbox (0.33275pt too wide) in paragraph at lines 73--74
\T1/ptm/m/n/12 pump-thaw pro-ce-dures, as de-vel-oped in Ne-braska, and in-tro-
duced into the de-po-si-tion cham-
 []


Underfull \hbox (badness 10000) in paragraph at lines 73--74

 []

[12 <../images/Dep_Chamber.png>]
Underfull \hbox (badness 10000) in paragraph at lines 75--77

 []


Overfull \hbox (3.51237pt too wide) in paragraph at lines 96--97
\T1/ptm/m/n/12 X-ray Pho-to-elec-tron Spec-troscopy (XPS), also known as X-ray 
pho-toe-mis-sion spec-troscopy,
 []


Underfull \hbox (badness 10000) in paragraph at lines 96--97

 []

[13] <../images/Total_Energy.png, id=498, 1419.80438pt x 841.64438pt>
File: ../images/Total_Energy.png Graphic file (type png)

<use ../images/Total_Energy.png>
Package pdftex.def Info: ../images/Total_Energy.png used on input line 107.
(pdftex.def)             Requested size: 340.76001pt x 201.99878pt.


LaTeX Warning: `!h' float specifier changed to `!ht'.


Underfull \hbox (badness 10000) in paragraph at lines 116--117

 []


Underfull \hbox (badness 10000) in paragraph at lines 118--119

 []

[14] <../images/Augerb.png, id=509, 728.7225pt x 487.8225pt>
File: ../images/Augerb.png Graphic file (type png)

<use ../images/Augerb.png>
Package pdftex.def Info: ../images/Augerb.png used on input line 122.
(pdftex.def)             Requested size: 218.61844pt x 146.34787pt.


LaTeX Warning: `!h' float specifier changed to `!ht'.


Underfull \hbox (badness 10000) in paragraph at lines 126--127

 []

[15 <../images/Total_Energy.png>]
Underfull \hbox (badness 10000) in paragraph at lines 130--131

 []

<../images/All_elements.jpg, id=517, 7455.855pt x 4661.415pt>
File: ../images/All_elements.jpg Graphic file (type jpg)

<use ../images/All_elements.jpg>
Package pdftex.def Info: ../images/All_elements.jpg used on input line 134.
(pdftex.def)             Requested size: 372.81459pt x 233.0844pt.


LaTeX Warning: `!h' float specifier changed to `!ht'.


Underfull \hbox (badness 10000) in paragraph at lines 150--151

 []

[16 <../images/Augerb.png>]
Underfull \hbox (badness 10000) in paragraph at lines 152--153

 []

[17 <../images/All_elements.jpg>]
Underfull \hbox (badness 10000) in paragraph at lines 160--161

 []


Underfull \hbox (badness 10000) in paragraph at lines 162--163

 []

<../images/ellipsometry.pdf, id=529, 722.7pt x 542.025pt>
File: ../images/ellipsometry.pdf Graphic file (type pdf)

<use ../images/ellipsometry.pdf>
Package pdftex.def Info: ../images/ellipsometry.pdf used on input line 166.
(pdftex.def)             Requested size: 231.26872pt x 173.45154pt.
 [18]
Underfull \hbox (badness 10000) in paragraph at lines 178--181

 []

[19 <../images/ellipsometry.pdf>]

Package hyperref Warning: Difference (2) between bookmark levels is greater 
(hyperref)                than one, level fixed on input line 205.


Underfull \hbox (badness 10000) in paragraph at lines 208--209

 []


Underfull \hbox (badness 10000) in paragraph at lines 291--292

 []

[20]
Underfull \hbox (badness 10000) in paragraph at lines 293--294

 []

<../images/MR_equipment.png, id=569, 718.93594pt x 481.8pt>
File: ../images/MR_equipment.png Graphic file (type png)

<use ../images/MR_equipment.png>
Package pdftex.def Info: ../images/MR_equipment.png used on input line 297.
(pdftex.def)             Requested size: 287.56927pt x 192.71658pt.


LaTeX Warning: `!h' float specifier changed to `!ht'.

[21] [22 <../images/MR_equipment.png>]
bibitemlist
[23

] [24]) (../sections/Contacts.tex [25]
Underfull \hbox (badness 10000) in paragraph at lines 16--17

 []


Underfull \hbox (badness 10000) in paragraph at lines 18--19

 []

[26

]
Underfull \hbox (badness 10000) in paragraph at lines 34--35

 []

<../images/MS.png, id=623, 825.0825pt x 448.67625pt>
File: ../images/MS.png Graphic file (type png)
 <use ../images/MS.png>
Package pdftex.def Info: ../images/MS.png used on input line 38.
(pdftex.def)             Requested size: 247.52666pt x 134.60391pt.


LaTeX Warning: `!h' float specifier changed to `!ht'.


Underfull \hbox (badness 10000) in paragraph at lines 42--43

 []

[27]
Underfull \hbox (badness 10000) in paragraph at lines 44--46

 []

[28 <../images/MS.png>]
<../images/Case1_b.png, id=643, 351.56343pt x 184.43906pt>
File: ../images/Case1_b.png Graphic file (type png)

<use ../images/Case1_b.png>
Package pdftex.def Info: ../images/Case1_b.png used on input line 62.
(pdftex.def)             Requested size: 175.78128pt x 92.2193pt.

Underfull \hbox (badness 10000) in paragraph at lines 71--72

 []

[29 <../images/Case1_b.png>]
Underfull \hbox (badness 10000) in paragraph at lines 73--74

 []

<../images/Case2_A.png, id=652, 623.32875pt x 666.99188pt>
File: ../images/Case2_A.png Graphic file (type png)

<use ../images/Case2_A.png>
Package pdftex.def Info: ../images/Case2_A.png used on input line 79.
(pdftex.def)             Requested size: 155.8318pt x 166.74756pt.

<../images/Case2_B.png, id=653, 595.47469pt x 666.99188pt>
File: ../images/Case2_B.png Graphic file (type png)

<use ../images/Case2_B.png>
Package pdftex.def Info: ../images/Case2_B.png used on input line 80.
(pdftex.def)             Requested size: 148.8683pt x 166.74756pt.

<../images/Case3_a.png, id=655, 459.7175pt x 272.01625pt>
File: ../images/Case3_a.png Graphic file (type png)

<use ../images/Case3_a.png>
Package pdftex.def Info: ../images/Case3_a.png used on input line 94.
(pdftex.def)             Requested size: 183.88373pt x 108.80457pt.

<../images/Case3_b.png, id=656, 361.35pt x 234.8775pt>
File: ../images/Case3_b.png Graphic file (type png)

<use ../images/Case3_b.png>
Package pdftex.def Info: ../images/Case3_b.png used on input line 95.
(pdftex.def)             Requested size: 144.53743pt x 93.94933pt.
 [30 <../images/Case2_A.png> <../images/Case2_B.png>]
Underfull \hbox (badness 10000) in paragraph at lines 99--100

 []

<../images/Case4_B.png, id=664, 1244.39906pt x 652.68843pt>
File: ../images/Case4_B.png Graphic file (type png)

<use ../images/Case4_B.png>
Package pdftex.def Info: ../images/Case4_B.png used on input line 105.
(pdftex.def)             Requested size: 311.099pt x 163.1717pt.
 [31 <../images/Case3_a.png> <../images/Case3_b.png>]
Underfull \hbox (badness 10000) in paragraph at lines 109--110

 []


Underfull \hbox (badness 10000) in paragraph at lines 116--117

 []


Underfull \hbox (badness 10000) in paragraph at lines 118--119

 []

[32 <../images/Case4_B.png>]
Underfull \hbox (badness 10000) in paragraph at lines 121--122

 []


Underfull \hbox (badness 10000) in paragraph at lines 123--124

 []

[33]
LaTeX Font Info:    Font shape `T1/ptm/bx/it' in size <14.4> not available
(Font)              Font shape `T1/ptm/b/it' tried instead on input line 128.

Underfull \hbox (badness 10000) in paragraph at lines 131--139

 []


LaTeX Warning: `h' float specifier changed to `ht'.


Underfull \hbox (badness 10000) in paragraph at lines 162--164

 []

[34]
Underfull \hbox (badness 10000) in paragraph at lines 180--181

 []


Underfull \hbox (badness 10000) in paragraph at lines 182--183

 []

[35] <../images/Fresh.png, id=694, 771.1209pt x 590.205pt>
File: ../images/Fresh.png Graphic file (type png)

<use ../images/Fresh.png>
Package pdftex.def Info: ../images/Fresh.png used on input line 186.
(pdftex.def)             Requested size: 308.44289pt x 236.0778pt.

Underfull \hbox (badness 10000) in paragraph at lines 191--192

 []


Underfull \hbox (badness 10000) in paragraph at lines 193--194

 []

[36 <../images/Fresh.png>]
Underfull \hbox (badness 10000) in paragraph at lines 195--196

 []

<../images/All_Fresh_Aniline.png, id=705, 771.1209pt x 590.205pt>
File: ../images/All_Fresh_Aniline.png Graphic file (type png)

<use ../images/All_Fresh_Aniline.png>
Package pdftex.def Info: ../images/All_Fresh_Aniline.png used on input line 199
.
(pdftex.def)             Requested size: 308.44289pt x 236.0778pt.


LaTeX Warning: `!h' float specifier changed to `!ht'.


Underfull \hbox (badness 10000) in paragraph at lines 204--205

 []


Underfull \hbox (badness 10000) in paragraph at lines 206--207

 []

[37]
Underfull \hbox (badness 10000) in paragraph at lines 208--209

 []

[38 <../images/All_Fresh_Aniline.png>]
Underfull \hbox (badness 10000) in paragraph at lines 210--211

 []

<../images/Pure_B_C_only.png, id=722, 590.205pt x 771.1209pt>
File: ../images/Pure_B_C_only.png Graphic file (type png)

<use ../images/Pure_B_C_only.png>
Package pdftex.def Info: ../images/Pure_B_C_only.png used on input line 219.
(pdftex.def)             Requested size: 177.06287pt x 231.33806pt.

Underfull \hbox (badness 10000) in paragraph at lines 224--225

 []

[39 <../images/Pure_B_C_only.png>]
Underfull \hbox (badness 10000) in paragraph at lines 226--227

 []


LaTeX Warning: `h' float specifier changed to `ht'.


Underfull \hbox (badness 10000) in paragraph at lines 253--254

 []

<../images/B_and_C_Dec.png, id=736, 650.43pt x 867.24pt>
File: ../images/B_and_C_Dec.png Graphic file (type png)

<use ../images/B_and_C_Dec.png>
Package pdftex.def Info: ../images/B_and_C_Dec.png used on input line 257.
(pdftex.def)             Requested size: 325.2142pt x 433.61894pt.
 [40]

LaTeX Warning: `!h' float specifier changed to `!ht'.


Underfull \hbox (badness 10000) in paragraph at lines 262--263

 []

<../images/Dep_6.png, id=744, 771.1209pt x 590.205pt>
File: ../images/Dep_6.png Graphic file (type png)

<use ../images/Dep_6.png>
Package pdftex.def Info: ../images/Dep_6.png used on input line 266.
(pdftex.def)             Requested size: 347.00119pt x 265.58978pt.


LaTeX Warning: `!h' float specifier changed to `!ht'.


Underfull \hbox (badness 10000) in paragraph at lines 271--272

 []


Underfull \hbox (badness 10000) in paragraph at lines 273--274

 []

[41] [42 <../images/B_and_C_Dec.png>]
Underfull \hbox (badness 10000) in paragraph at lines 291--292

 []

<../images/Aniline_B_C.png, id=759, 590.205pt x 771.1209pt>
File: ../images/Aniline_B_C.png Graphic file (type png)

<use ../images/Aniline_B_C.png>
Package pdftex.def Info: ../images/Aniline_B_C.png used on input line 295.
(pdftex.def)             Requested size: 177.06287pt x 231.33806pt.


LaTeX Warning: `!h' float specifier changed to `!ht'.


Underfull \hbox (badness 10000) in paragraph at lines 300--301

 []

[43 <../images/Dep_6.png>]
<../images/Aniline_B_C_N.png, id=768, 867.24pt x 867.24pt>
File: ../images/Aniline_B_C_N.png Graphic file (type png)

<use ../images/Aniline_B_C_N.png>
Package pdftex.def Info: ../images/Aniline_B_C_N.png used on input line 304.
(pdftex.def)             Requested size: 433.61894pt x 433.61894pt.


LaTeX Warning: `!h' float specifier changed to `!ht'.


Underfull \hbox (badness 10000) in paragraph at lines 309--310

 []


Underfull \hbox (badness 10000) in paragraph at lines 311--312

 []

[44 <../images/Aniline_B_C.png>]

Package hyperref Warning: Token not allowed in a PDF string (PDFDocEncoding):
(hyperref)                removing `math shift' on input line 314.


Package hyperref Warning: Token not allowed in a PDF string (PDFDocEncoding):
(hyperref)                removing `superscript' on input line 314.


Package hyperref Warning: Token not allowed in a PDF string (PDFDocEncoding):
(hyperref)                removing `math shift' on input line 314.


Underfull \hbox (badness 10000) in paragraph at lines 317--318

 []

[45 <../images/Aniline_B_C_N.png>]
<../images/After_SP.png, id=782, 590.205pt x 771.1209pt>
File: ../images/After_SP.png Graphic file (type png)

<use ../images/After_SP.png>
Package pdftex.def Info: ../images/After_SP.png used on input line 321.
(pdftex.def)             Requested size: 142.26378pt x 185.86115pt.

<../images/After_SP_Aniline.png, id=783, 590.205pt x 771.1209pt>
File: ../images/After_SP_Aniline.png Graphic file (type png)

<use ../images/After_SP_Aniline.png>
Package pdftex.def Info: ../images/After_SP_Aniline.png used on input line 322.

(pdftex.def)             Requested size: 142.26378pt x 185.86115pt.

Underfull \hbox (badness 10000) in paragraph at lines 326--327

 []


Underfull \hbox (badness 10000) in paragraph at lines 328--329

 []

[46 <../images/After_SP.png> <../images/After_SP_Aniline.png>]
Underfull \hbox (badness 10000) in paragraph at lines 330--331

 []


Underfull \hbox (badness 10000) in paragraph at lines 359--360

 []

[47]
Underfull \hbox (badness 10000) in paragraph at lines 361--362

 []

<../images/mBC.png, id=798, 578.16pt x 590.205pt>
File: ../images/mBC.png Graphic file (type png)
 <use ../images/mBC.png>
Package pdftex.def Info: ../images/mBC.png used on input line 365.
(pdftex.def)             Requested size: 289.07928pt x 295.10178pt.

Underfull \hbox (badness 10000) in paragraph at lines 369--370

 []

[48 <../images/mBC.png>]
Underfull \hbox (badness 10000) in paragraph at lines 371--372

 []


Underfull \hbox (badness 10000) in paragraph at lines 395--396

 []

[49] <../images/Shift_meta.png, id=811, 771.1209pt x 590.205pt>
File: ../images/Shift_meta.png Graphic file (type png)

<use ../images/Shift_meta.png>
Package pdftex.def Info: ../images/Shift_meta.png used on input line 399.
(pdftex.def)             Requested size: 231.33806pt x 177.06287pt.

Underfull \hbox (badness 10000) in paragraph at lines 403--404

 []

<../images/mBC_B.png, id=813, 771.1209pt x 590.205pt>
File: ../images/mBC_B.png Graphic file (type png)

<use ../images/mBC_B.png>
Package pdftex.def Info: ../images/mBC_B.png used on input line 407.
(pdftex.def)             Requested size: 192.77975pt x 147.55089pt.

<../images/mBC_B_Py.png, id=814, 771.1209pt x 590.205pt>
File: ../images/mBC_B_Py.png Graphic file (type png)

<use ../images/mBC_B_Py.png>
Package pdftex.def Info: ../images/mBC_B_Py.png used on input line 408.
(pdftex.def)             Requested size: 192.77975pt x 147.55089pt.

<../images/mBC_C.png, id=815, 771.1209pt x 590.205pt>
File: ../images/mBC_C.png Graphic file (type png)

<use ../images/mBC_C.png>
Package pdftex.def Info: ../images/mBC_C.png used on input line 409.
(pdftex.def)             Requested size: 192.77975pt x 147.55089pt.

<../images/mBC_C_Py.png, id=816, 771.1209pt x 590.205pt>
File: ../images/mBC_C_Py.png Graphic file (type png)

<use ../images/mBC_C_Py.png>
Package pdftex.def Info: ../images/mBC_C_Py.png used on input line 410.
(pdftex.def)             Requested size: 192.77975pt x 147.55089pt.


LaTeX Warning: `!h' float specifier changed to `!ht'.


Underfull \hbox (badness 10000) in paragraph at lines 414--415

 []

[50 <../images/Shift_meta.png>]
Underfull \hbox (badness 10000) in paragraph at lines 416--417

 []

[51 <../images/mBC_B.png> <../images/mBC_B_Py.png> <../images/mBC_C.png> <../im
ages/mBC_C_Py.png>]
Underfull \hbox (badness 10000) in paragraph at lines 418--419

 []

[52]
bibitemlist
[53

] [54] [55]) (../sections/Pyridine.tex [56]
Underfull \hbox (badness 10000) in paragraph at lines 10--11

 []


Underfull \hbox (badness 10000) in paragraph at lines 18--19

 []

[57

]
Underfull \hbox (badness 10000) in paragraph at lines 20--21

 []


Overfull \hbox (2.61043pt too wide) in paragraph at lines 42--43
\T1/ptm/m/n/12 The es-ti-ma-tion of the B/N and B/C atomic ra-tios and co-rres-
pon-ding pyri-dine/orthocarborane
 []


Underfull \hbox (badness 10000) in paragraph at lines 42--43

 []

[58] <../images/Dielectric_Pyridine.png, id=895, 316.18124pt x 418.56375pt>
File: ../images/Dielectric_Pyridine.png Graphic file (type png)

<use ../images/Dielectric_Pyridine.png>
Package pdftex.def Info: ../images/Dielectric_Pyridine.png used on input line 5
4.
(pdftex.def)             Requested size: 199.19524pt x 263.69655pt.
 [59 <../images/Dielectric_Pyridine.png>]
Underfull \hbox (badness 10000) in paragraph at lines 75--76

 []

<../images/HOMO_LUMO.png, id=905, 698.61pt x 543.9522pt>
File: ../images/HOMO_LUMO.png Graphic file (type png)

<use ../images/HOMO_LUMO.png>
Package pdftex.def Info: ../images/HOMO_LUMO.png used on input line 81.
(pdftex.def)             Requested size: 209.58461pt x 163.1869pt.


LaTeX Warning: `!h' float specifier changed to `!ht'.

<../images/UPS_Py.png, id=907, 830.10126pt x 749.80125pt>
File: ../images/UPS_Py.png Graphic file (type png)

<use ../images/UPS_Py.png>
Package pdftex.def Info: ../images/UPS_Py.png used on input line 88.
(pdftex.def)             Requested size: 166.0173pt x 149.9576pt.
 [60]
<../images/ND_article3.png, id=914, 771.1209pt x 590.205pt>
File: ../images/ND_article3.png Graphic file (type png)

<use ../images/ND_article3.png>
Package pdftex.def Info: ../images/ND_article3.png used on input line 101.
(pdftex.def)             Requested size: 161.94017pt x 123.9467pt.

<../images/ND_article4.png, id=915, 734.9859pt x 572.1375pt>
File: ../images/ND_article4.png Graphic file (type png)

<use ../images/ND_article4.png>
Package pdftex.def Info: ../images/ND_article4.png used on input line 102.
(pdftex.def)             Requested size: 154.3516pt x 120.15242pt.

<../images/IEEE.png, id=916, 734.9859pt x 572.1375pt>
File: ../images/IEEE.png Graphic file (type png)
 <use ../images/IEEE.png>
Package pdftex.def Info: ../images/IEEE.png used on input line 103.
(pdftex.def)             Requested size: 154.3516pt x 120.15242pt.

<../images/Diode3.png, id=917, 284.56313pt x 207.77625pt>
File: ../images/Diode3.png Graphic file (type png)

<use ../images/Diode3.png>
Package pdftex.def Info: ../images/Diode3.png used on input line 104.
(pdftex.def)             Requested size: 139.43715pt x 101.81123pt.
 [61 <../images/HOMO_LUMO.png> <../images/UPS_Py.png>] <../images/Leakage.png, 
id=926, 769.6755pt x 588.0369pt>
File: ../images/Leakage.png Graphic file (type png)

<use ../images/Leakage.png>
Package pdftex.def Info: ../images/Leakage.png used on input line 112.
(pdftex.def)             Requested size: 192.4184pt x 147.00885pt.
 [62 <../images/ND_article3.png> <../images/ND_article4.png> <../images/IEEE.pn
g> <../images/Diode3.png>]
<../images/CV_PureBC3.png, id=937, 722.7pt x 578.16pt>
File: ../images/CV_PureBC3.png Graphic file (type png)

<use ../images/CV_PureBC3.png>
Package pdftex.def Info: ../images/CV_PureBC3.png used on input line 124.
(pdftex.def)             Requested size: 180.67455pt x 144.53964pt.

<../images/CV_BCPy1.png, id=938, 722.7pt x 578.16pt>
File: ../images/CV_BCPy1.png Graphic file (type png)

<use ../images/CV_BCPy1.png>
Package pdftex.def Info: ../images/CV_BCPy1.png used on input line 125.
(pdftex.def)             Requested size: 180.67455pt x 144.53964pt.

Underfull \hbox (badness 10000) in paragraph at lines 129--130

 []

[63 <../images/Leakage.png> <../images/CV_PureBC3.png> <../images/CV_BCPy1.png>
]
Underfull \hbox (badness 10000) in paragraph at lines 132--134

 []


Underfull \hbox (badness 10000) in paragraph at lines 135--136

 []


Underfull \hbox (badness 10000) in paragraph at lines 140--141

 []

<../images/C_0.png, id=950, 570.13pt x 413.545pt>
File: ../images/C_0.png Graphic file (type png)
 <use ../images/C_0.png>
Package pdftex.def Info: ../images/C_0.png used on input line 145.
(pdftex.def)             Requested size: 228.04796pt x 165.41505pt.


LaTeX Warning: `!h' float specifier changed to `!ht'.


Underfull \hbox (badness 10000) in paragraph at lines 149--150

 []

[64]
Underfull \hbox (badness 10000) in paragraph at lines 151--152

 []

[65 <../images/C_0.png>]
Underfull \hbox (badness 10000) in paragraph at lines 153--154

 []


Underfull \hbox (badness 10000) in paragraph at lines 176--177

 []


Underfull \hbox (badness 10000) in paragraph at lines 178--179

 []

[66]
Underfull \hbox (badness 10000) in paragraph at lines 180--181

 []


Underfull \hbox (badness 10000) in paragraph at lines 186--188

 []


Underfull \hbox (badness 10000) in paragraph at lines 189--191

 []

[67] <../images/Neutron_Signal.png, id=978, 697.4055pt x 516.0078pt>
File: ../images/Neutron_Signal.png Graphic file (type png)

<use ../images/Neutron_Signal.png>
Package pdftex.def Info: ../images/Neutron_Signal.png used on input line 200.
(pdftex.def)             Requested size: 174.35094pt x 129.00163pt.

Underfull \hbox (badness 10000) in paragraph at lines 204--205

 []

[68 <../images/Neutron_Signal.png>] [69]
bibitemlist
[70

] [71]
Underfull \hbox (badness 2865) in paragraph at lines 233--234
[]\T1/ptm/m/n/12 Osberg, K. et al., A Hand-held Neutron-Detection Sen-sor Sys-t
em Uti-liz-ing
 []


Underfull \hbox (badness 1688) in paragraph at lines 233--234
\T1/ptm/m/n/12 a New Class of Boron Car-bide Diode. IEEE Sens. J. \T1/ptm/b/n/1
2 6 \T1/ptm/m/n/12 (2006) 1531-1538.
 []

[72] [73]
Underfull \hbox (badness 1371) in paragraph at lines 257--258
[]\T1/ptm/m/n/12 Carrard, M., Emin, D., and Zup-piroli, L. De-fect clus-ter-ing
 and self-healing
 []

) (../sections/Magneto_resistence.tex [74]
Underfull \hbox (badness 10000) in paragraph at lines 11--12

 []


Underfull \hbox (badness 10000) in paragraph at lines 15--16

 []


Overfull \hbox (0.14041pt too wide) in paragraph at lines 23--24
\T1/ptm/m/n/12 Figure []5.1[] shows the B(1s), C(1s), O(1s) and N(1s) core lev-
els for the cross-linked BC:DAB
 []


Underfull \hbox (badness 10000) in paragraph at lines 23--24

 []

[75

] <../images/BC_DAB.png, id=1055, 771.1209pt x 590.205pt>
File: ../images/BC_DAB.png Graphic file (type png)

<use ../images/BC_DAB.png>
Package pdftex.def Info: ../images/BC_DAB.png used on input line 27.
(pdftex.def)             Requested size: 308.44289pt x 236.0778pt.

Underfull \hbox (badness 10000) in paragraph at lines 31--32

 []

[76 <../images/BC_DAB.png>]
Underfull \hbox (badness 10000) in paragraph at lines 33--34

 []


Underfull \hbox (badness 10000) in paragraph at lines 35--36

 []


Underfull \hbox (badness 10000) in paragraph at lines 39--40

 []

<../images/Intensity.PNG, id=1065, 1245.65375pt x 868.24374pt>
File: ../images/Intensity.PNG Graphic file (type png)

<use ../images/Intensity.PNG>
Package pdftex.def Info: ../images/Intensity.PNG used on input line 43.
(pdftex.def)             Requested size: 249.12633pt x 173.64566pt.


LaTeX Warning: `!h' float specifier changed to `!ht'.

[77]
Underfull \hbox (badness 10000) in paragraph at lines 67--68

 []


Underfull \hbox (badness 10000) in paragraph at lines 69--70

 []

[78 <../images/Intensity.PNG>]
<../images/Spin_MR2.png, id=1078, 541.27219pt x 264.99pt>
File: ../images/Spin_MR2.png Graphic file (type png)

<use ../images/Spin_MR2.png>
Package pdftex.def Info: ../images/Spin_MR2.png used on input line 74.
(pdftex.def)             Requested size: 156.9649pt x 76.84512pt.

Underfull \hbox (badness 10000) in paragraph at lines 78--79

 []


Underfull \hbox (badness 10000) in paragraph at lines 83--84

 []


Underfull \hbox (badness 10000) in paragraph at lines 93--94

 []

[79 <../images/Spin_MR2.png>]
Underfull \hbox (badness 10000) in paragraph at lines 102--103

 []

<../images/15_V.png, id=1091, 844.8363pt x 596.9502pt>
File: ../images/15_V.png Graphic file (type png)

<use ../images/15_V.png>
Package pdftex.def Info: ../images/15_V.png used on input line 106.
(pdftex.def)             Requested size: 185.86456pt x 131.32945pt.

<../images/20_V.png, id=1092, 844.8363pt x 596.9502pt>
File: ../images/20_V.png Graphic file (type png)

<use ../images/20_V.png>
Package pdftex.def Info: ../images/20_V.png used on input line 107.
(pdftex.def)             Requested size: 185.86456pt x 131.32945pt.

Underfull \hbox (badness 10000) in paragraph at lines 111--112

 []

[80 <../images/15_V.png> <../images/20_V.png>]
<../images/MR_IV_1.png, id=1100, 844.8363pt x 596.9502pt>
File: ../images/MR_IV_1.png Graphic file (type png)

<use ../images/MR_IV_1.png>
Package pdftex.def Info: ../images/MR_IV_1.png used on input line 115.
(pdftex.def)             Requested size: 185.86456pt x 131.32945pt.

<../images/MR_IV_2.png, id=1101, 844.8363pt x 596.9502pt>
File: ../images/MR_IV_2.png Graphic file (type png)

<use ../images/MR_IV_2.png>
Package pdftex.def Info: ../images/MR_IV_2.png used on input line 116.
(pdftex.def)             Requested size: 185.86456pt x 131.32945pt.

Underfull \hbox (badness 10000) in paragraph at lines 120--121

 []


Underfull \hbox (badness 10000) in paragraph at lines 122--123

 []

[81 <../images/MR_IV_1.png> <../images/MR_IV_2.png>]
Underfull \hbox (badness 10000) in paragraph at lines 124--125

 []


LaTeX Warning: Reference `IV_b' on page 82 undefined on input line 126.


Underfull \hbox (badness 10000) in paragraph at lines 126--127

 []


Underfull \hbox (badness 10000) in paragraph at lines 128--129

 []

[82] [83]
bibitemlist
[84

]
Underfull \hbox (badness 10000) in paragraph at lines 160--161
[]\T1/ptm/m/n/12 Mucciolo ER, Lewenkopf CH. Jour-nal of Physics: Con-densed Mat
-ter
 []

[85]) (../sections/Conclusions.tex [86]
Underfull \hbox (badness 10000) in paragraph at lines 6--7

 []


Underfull \hbox (badness 10000) in paragraph at lines 8--9

 []

[87

]
Underfull \hbox (badness 10000) in paragraph at lines 10--11

 []

) (../sections/Future2.tex [88]
LaTeX Font Info:    Font shape `T1/ptm/bx/n' in size <10> not available
(Font)              Font shape `T1/ptm/b/n' tried instead on input line 5.

Underfull \hbox (badness 10000) in paragraph at lines 5--6

 []


Underfull \hbox (badness 10000) in paragraph at lines 7--8

 []

<../images/Danson.png, id=1167, 527.72156pt x 277.78781pt>
File: ../images/Danson.png Graphic file (type png)

<use ../images/Danson.png>
Package pdftex.def Info: ../images/Danson.png used on input line 11.
(pdftex.def)             Requested size: 211.08488pt x 111.11314pt.


LaTeX Warning: `!h' float specifier changed to `!ht'.


Underfull \hbox (badness 10000) in paragraph at lines 16--17

 []

<../images/Irradiation.png, id=1168, 766.062pt x 590.205pt>
File: ../images/Irradiation.png Graphic file (type png)

<use ../images/Irradiation.png>
Package pdftex.def Info: ../images/Irradiation.png used on input line 20.
(pdftex.def)             Requested size: 229.82037pt x 177.06287pt.

Underfull \hbox (badness 10000) in paragraph at lines 24--25

 []

[89

]
Overfull \hbox (4.61581pt too wide) in paragraph at lines 26--27
\T1/ptm/m/n/12 On other hand, this dis-ser-ta-tion showed that Au/boron carbide
-based semi-con-duc-tors present
 []


Underfull \hbox (badness 10000) in paragraph at lines 26--27

 []

[90 <../images/Danson.png> <../images/Irradiation.png>])

Class memoir Warning: The material used in the footer is too large
(10.14995pt) for the given foot skip (0.0pt), it is recommended to
either increase the foot skip or redesign the fotoer
(in both cases you will find help in the memoir manual). on input line 196.

[91]
\tf@toc=\write5
\openout5 = `skeleton.toc'.

\tf@lof=\write6
\openout6 = `skeleton.lof'.

\tf@lot=\write7
\openout7 = `skeleton.lot'.

Package atveryend Info: Empty hook `BeforeClearDocument' on input line 196.
Package atveryend Info: Empty hook `AfterLastShipout' on input line 196.
 (./skeleton.aux)
Package atveryend Info: Executing hook `AtVeryEndDocument' on input line 196.
Package atveryend Info: Executing hook `AtEndAfterFileList' on input line 196.
Package rerunfilecheck Info: File `skeleton.out' has not changed.
(rerunfilecheck)             Checksum: E97694F89BC550E7939AC5AB06A657BD;2922.


LaTeX Warning: There were undefined references.

Package atveryend Info: Empty hook `AtVeryVeryEnd' on input line 196.
 ) 
Here is how much of TeX's memory you used:
 14374 strings out of 493029
 211070 string characters out of 6136234
 361567 words of memory out of 5000000
 17181 multiletter control sequences out of 15000+600000
 98271 words of font info for 166 fonts, out of 8000000 for 9000
 1154 hyphenation exceptions out of 8191
 52i,12n,46p,1582b,495s stack positions out of 5000i,500n,10000p,200000b,80000s
pdfTeX warning (dest): name{Hfootnote.13} has been referenced but does not ex
ist, replaced by a fixed one

pdfTeX warning (dest): name{Hfootnote.12} has been referenced but does not exis
t, replaced by a fixed one

pdfTeX warning (dest): name{Hfootnote.11} has been referenced but does not exis
t, replaced by a fixed one

pdfTeX warning (dest): name{Hfootnote.10} has been referenced but does not exis
t, replaced by a fixed one

pdfTeX warning (dest): name{Hfootnote.9} has been referenced but does not exist
, replaced by a fixed one

pdfTeX warning (dest): name{Hfootnote.8} has been referenced but does not exist
, replaced by a fixed one

pdfTeX warning (dest): name{Hfootnote.7} has been referenced but does not exist
, replaced by a fixed one

pdfTeX warning (dest): name{Hfootnote.6} has been referenced but does not exist
, replaced by a fixed one

pdfTeX warning (dest): name{Hfootnote.5} has been referenced but does not exist
, replaced by a fixed one

pdfTeX warning (dest): name{Hfootnote.4} has been referenced but does not exist
, replaced by a fixed one

pdfTeX warning (dest): name{Hfootnote.3} has been referenced but does not exist
, replaced by a fixed one

pdfTeX warning (dest): name{Hfootnote.2} has been referenced but does not exist
, replaced by a fixed one

pdfTeX warning (dest): name{Hfootnote.1} has been referenced but does not exist
, replaced by a fixed one

{/usr/share/texlive/texmf-dist/fonts/enc/dvips/base/8r.enc}</usr/share/texlive/
texmf-dist/fonts/type1/public/amsfonts/cm/cmex10.pfb></usr/share/texlive/texmf-
dist/fonts/type1/public/amsfonts/cm/cmmi10.pfb></usr/share/texlive/texmf-dist/f
onts/type1/public/amsfonts/cm/cmr10.pfb></usr/share/texlive/texmf-dist/fonts/ty
pe1/public/amsfonts/cm/cmsy10.pfb></usr/share/texlive/texmf-dist/fonts/type1/pu
blic/amsfonts/symbols/msam10.pfb></usr/share/texlive/texmf-dist/fonts/type1/urw
/symbol/usyr.pfb></usr/share/texlive/texmf-dist/fonts/type1/urw/symbol/usyr.pfb
></usr/share/texlive/texmf-dist/fonts/type1/urw/times/utmb8a.pfb></usr/share/te
xlive/texmf-dist/fonts/type1/urw/times/utmbi8a.pfb></usr/share/texlive/texmf-di
st/fonts/type1/urw/times/utmr8a.pfb></usr/share/texlive/texmf-dist/fonts/type1/
urw/times/utmri8a.pfb></usr/share/texlive/texmf-dist/fonts/type1/urw/zapfding/u
zdr.pfb>
Output written on skeleton.pdf (101 pages, 12054184 bytes).
PDF statistics:
 1305 PDF objects out of 1440 (max. 8388607)
 1077 compressed objects within 11 object streams
 360 named destinations out of 1000 (max. 500000)
 610 words of extra memory for PDF output out of 10000 (max. 10000000)

